生成启动时间为 2018/4/18 15:01:45。
     1>项目“E:\skynet-vs2013\build\vs2013\lualib\bson.vcxproj”在节点 3 上(Build 个目标)。
     1>ClCompile:
         C:\Program Files (x86)\Microsoft Visual Studio 12.0\VC\bin\CL.exe /c /I..\..\..\3rd\lua /I"..\..\..\skynet-src" /I..\posix /ZI /nologo /W3 /WX- /Od /Oy- /D WIN32 /D LUA_BUILD_AS_DLL /D _DEBUG /D _WINDOWS /D _USRDLL /D LUA53_EXPORTS /D _WINDLL /D _UNICODE /D UNICODE /Gm /EHsc /RTC1 /MDd /GS /fp:precise /Zc:wchar_t /Zc:forScope /Fo"..\output\bson\Debug\\" /Fd"..\output\bson\Debug\vc120.pdb" /Gd /TC /analyze- /errorReport:prompt "..\..\..\lualib-src\lua-bson.c"
         lua-bson.c
     1>e:\skynet-vs2013\lualib-src\lua-bson.c(219): warning C4018: “<=”: 有符号/无符号不匹配
     1>e:\skynet-vs2013\lualib-src\lua-bson.c(300): warning C4244: “函数”: 从“int64_t”转换到“int32_t”，可能丢失数据
     1>e:\skynet-vs2013\lualib-src\lua-bson.c(431): warning C4996: 'sprintf': This function or variable may be unsafe. Consider using sprintf_s instead. To disable deprecation, use _CRT_SECURE_NO_WARNINGS. See online help for details.
                 c:\program files (x86)\microsoft visual studio 12.0\vc\include\stdio.h(356) : 参见“sprintf”的声明
     1>e:\skynet-vs2013\lualib-src\lua-bson.c(531): warning C4244: “初始化”: 从“lua_Integer”转换到“size_t”，可能丢失数据
     1>e:\skynet-vs2013\lualib-src\lua-bson.c(656): warning C4244: “初始化”: 从“int64_t”转换到“uint32_t”，可能丢失数据
     1>e:\skynet-vs2013\lualib-src\lua-bson.c(865): warning C4244: “初始化”: 从“lua_Integer”转换到“int”，可能丢失数据
     1>e:\skynet-vs2013\lualib-src\lua-bson.c(886): warning C4244: “初始化”: 从“lua_Integer”转换到“int32_t”，可能丢失数据
     1>e:\skynet-vs2013\lualib-src\lua-bson.c(1007): warning C4244: “初始化”: 从“lua_Integer”转换到“int”，可能丢失数据
     1>e:\skynet-vs2013\lualib-src\lua-bson.c(1020): warning C4244: “初始化”: 从“lua_Integer”转换到“int”，可能丢失数据
     1>e:\skynet-vs2013\lualib-src\lua-bson.c(1241): warning C4244: “初始化”: 从“time_t”转换到“uint32_t”，可能丢失数据
     1>e:\skynet-vs2013\lualib-src\lua-bson.c(1275): warning C4013: “__sync_fetch_and_add”未定义；假设外部返回 int
     1>e:\skynet-vs2013\lualib-src\lua-bson.c(1297): warning C4996: 'sprintf': This function or variable may be unsafe. Consider using sprintf_s instead. To disable deprecation, use _CRT_SECURE_NO_WARNINGS. See online help for details.
                 c:\program files (x86)\microsoft visual studio 12.0\vc\include\stdio.h(356) : 参见“sprintf”的声明
       Link:
         C:\Program Files (x86)\Microsoft Visual Studio 12.0\VC\bin\link.exe /ERRORREPORT:PROMPT /OUT:"E:\skynet-vs2013\build\vs2013\..\..\luaclib\bson.so" /INCREMENTAL /NOLOGO /LIBPATH:"E:\skynet-vs2013\build\vs2013\\" /LIBPATH:"E:\skynet-vs2013\build\vs2013\..\..\\" ws2_32.lib kernel32.lib user32.lib gdi32.lib winspool.lib comdlg32.lib advapi32.lib shell32.lib ole32.lib oleaut32.lib uuid.lib odbc32.lib odbccp32.lib /DEF:"E:\skynet-vs2013\build\vs2013\lualib\bson.def" /MANIFEST /MANIFESTUAC:"level='asInvoker' uiAccess='false'" /manifest:embed /DEBUG /PDB:"E:\skynet-vs2013\build\vs2013\..\..\luaclib\bson.pdb" /SUBSYSTEM:WINDOWS /TLBID:1 /DYNAMICBASE /NXCOMPAT /IMPLIB:"E:\skynet-vs2013\build\vs2013\..\..\luaclib\bson.lib" /MACHINE:X86 /DLL "..\output\bson\Debug\lua-bson.obj"
         "E:\skynet-vs2013\lua53.lib"
         "E:\skynet-vs2013\posix.lib"
            正在创建库 E:\skynet-vs2013\build\vs2013\..\..\luaclib\bson.lib 和对象 E:\skynet-vs2013\build\vs2013\..\..\luaclib\bson.exp
         bson.vcxproj -> E:\skynet-vs2013\build\vs2013\..\..\luaclib\bson.so
     1>已完成生成项目“E:\skynet-vs2013\build\vs2013\lualib\bson.vcxproj”(Build 个目标)的操作。

生成成功。

已用时间 00:00:01.69
