生成启动时间为 2018/4/18 15:01:44。
     1>项目“E:\skynet-vs2013\build\vs2013\3rd\lpeg.vcxproj”在节点 5 上(Build 个目标)。
     1>ClCompile:
         C:\Program Files (x86)\Microsoft Visual Studio 12.0\VC\bin\CL.exe /c /I..\..\..\3rd\lua /ZI /nologo /W3 /WX- /sdl /Od /Oy- /D WIN32 /D LUA_BUILD_AS_DLL /D _DEBUG /D _WINDOWS /D _USRDLL /D LUA53_EXPORTS /D _WINDLL /D _UNICODE /D UNICODE /Gm /EHsc /RTC1 /MDd /GS /fp:precise /Zc:wchar_t /Zc:forScope /Fo"..\output\lpeg\Debug\\" /Fd"..\output\lpeg\Debug\vc120.pdb" /Gd /TC /analyze- /errorReport:prompt ..\..\..\3rd\lpeg\lpcap.c ..\..\..\3rd\lpeg\lpcode.c ..\..\..\3rd\lpeg\lpprint.c ..\..\..\3rd\lpeg\lptree.c ..\..\..\3rd\lpeg\lpvm.c
         lpvm.c
     1>e:\skynet-vs2013\3rd\lpeg\lpvm.c(72): warning C4244: “=”: 从“lua_Integer”转换到“int”，可能丢失数据
     1>e:\skynet-vs2013\3rd\lpeg\lpvm.c(107): warning C4244: “return”: 从“lua_Integer”转换到“int”，可能丢失数据
         lptree.c
     1>e:\skynet-vs2013\3rd\lpeg\lptree.c(58): warning C4244: “=”: 从“lua_Number”转换到“int”，可能丢失数据
     1>e:\skynet-vs2013\3rd\lpeg\lptree.c(456): warning C4244: “初始化”: 从“lua_Integer”转换到“int”，可能丢失数据
     1>e:\skynet-vs2013\3rd\lpeg\lptree.c(756): warning C4244: “初始化”: 从“lua_Integer”转换到“int”，可能丢失数据
         lpprint.c
         lpcode.c
         lpcap.c
         正在生成代码...
       Link:
         C:\Program Files (x86)\Microsoft Visual Studio 12.0\VC\bin\link.exe /ERRORREPORT:PROMPT /OUT:"E:\skynet-vs2013\build\vs2013\..\..\luaclib\lpeg.so" /INCREMENTAL /NOLOGO /LIBPATH:"E:\skynet-vs2013\build\vs2013\\" /LIBPATH:"E:\skynet-vs2013\build\vs2013\..\..\\" kernel32.lib user32.lib gdi32.lib winspool.lib comdlg32.lib advapi32.lib shell32.lib ole32.lib oleaut32.lib uuid.lib odbc32.lib odbccp32.lib /DEF:"E:\skynet-vs2013\build\vs2013\3rd\lpeg.def" /MANIFEST /MANIFESTUAC:"level='asInvoker' uiAccess='false'" /manifest:embed /DEBUG /PDB:"E:\skynet-vs2013\build\vs2013\..\..\luaclib\lpeg.pdb" /SUBSYSTEM:WINDOWS /TLBID:1 /DYNAMICBASE /NXCOMPAT /IMPLIB:"E:\skynet-vs2013\build\vs2013\..\..\luaclib\lpeg.lib" /MACHINE:X86 /DLL ..\output\lpeg\Debug\lpcap.obj
         ..\output\lpeg\Debug\lpcode.obj
         ..\output\lpeg\Debug\lpprint.obj
         ..\output\lpeg\Debug\lptree.obj
         ..\output\lpeg\Debug\lpvm.obj
         "E:\skynet-vs2013\lua53.lib"
            正在创建库 E:\skynet-vs2013\build\vs2013\..\..\luaclib\lpeg.lib 和对象 E:\skynet-vs2013\build\vs2013\..\..\luaclib\lpeg.exp
         lpeg.vcxproj -> E:\skynet-vs2013\build\vs2013\..\..\luaclib\lpeg.so
     1>已完成生成项目“E:\skynet-vs2013\build\vs2013\3rd\lpeg.vcxproj”(Build 个目标)的操作。

生成成功。

已用时间 00:00:03.06
