生成启动时间为 2018/4/18 15:01:33。
     1>项目“E:\skynet-vs2013\build\vs2013\3rd\posix.vcxproj”在节点 2 上(Build 个目标)。
     1>ClCompile:
         C:\Program Files (x86)\Microsoft Visual Studio 12.0\VC\bin\CL.exe /c /I..\posix /ZI /nologo /W3 /WX- /sdl /Od /Oy- /D WIN32 /D _DEBUG /D _WINDOWS /D _USRDLL /D LUA53_EXPORTS /D _WINDLL /D _UNICODE /D UNICODE /Gm /EHsc /RTC1 /MDd /GS /fp:precise /Zc:wchar_t /Zc:forScope /Fo"..\output\posix\Debug\\" /Fd"..\output\posix\Debug\vc120.pdb" /Gd /TC /analyze- /errorReport:prompt ..\posix\atomic_lock.c ..\posix\dlfcn.c ..\posix\unistd.c
         unistd.c
     1>e:\skynet-vs2013\build\vs2013\posix\unistd.c(16): warning C4047: “return”:“pid_t”与“HANDLE”的间接级别不同
     1>e:\skynet-vs2013\build\vs2013\posix\unistd.c(20): warning C4022: “TerminateProcess”: 指针与实参 1 不匹配
     1>e:\skynet-vs2013\build\vs2013\posix\unistd.c(58): warning C4244: “=”: 从“LONGLONG”转换到“long”，可能丢失数据
     1>e:\skynet-vs2013\build\vs2013\posix\unistd.c(99): warning C4013: “srand”未定义；假设外部返回 int
     1>e:\skynet-vs2013\build\vs2013\posix\unistd.c(102): warning C4013: “rand”未定义；假设外部返回 int
     1>e:\skynet-vs2013\build\vs2013\posix\unistd.c(147): warning C4090: “=”: 不同的“const”限定符
     1>e:\skynet-vs2013\build\vs2013\posix\unistd.c(166): warning C4018: “<”: 有符号/无符号不匹配
     1>e:\skynet-vs2013\build\vs2013\posix\unistd.c(174): warning C4018: “>=”: 有符号/无符号不匹配
         dlfcn.c
         atomic_lock.c
         正在生成代码...
         C:\Program Files (x86)\Microsoft Visual Studio 12.0\VC\bin\CL.exe /c /I..\posix /ZI /nologo /W3 /WX- /sdl /Od /Oy- /D WIN32 /D _DEBUG /D _WINDOWS /D _USRDLL /D LUA53_EXPORTS /D _WINDLL /D _UNICODE /D UNICODE /Gm /EHsc /RTC1 /MDd /GS /fp:precise /Zc:wchar_t /Zc:forScope /Fo"..\output\posix\Debug\\" /Fd"..\output\posix\Debug\vc120.pdb" /Gd /TP /analyze- /errorReport:prompt ..\posix\cpoll\cpoll.cpp
         cpoll.cpp
     1>e:\skynet-vs2013\build\vs2013\posix\cpoll\cpoll.cpp(266): warning C4018: “<”: 有符号/无符号不匹配
       Link:
         C:\Program Files (x86)\Microsoft Visual Studio 12.0\VC\bin\link.exe /ERRORREPORT:PROMPT /OUT:"E:\skynet-vs2013\build\vs2013\..\..\posix.dll" /INCREMENTAL /NOLOGO /LIBPATH:"E:\skynet-vs2013\build\vs2013\\" /LIBPATH:"E:\skynet-vs2013\build\vs2013\..\..\\" ws2_32.lib kernel32.lib user32.lib gdi32.lib winspool.lib comdlg32.lib advapi32.lib shell32.lib ole32.lib oleaut32.lib uuid.lib odbc32.lib odbccp32.lib /DEF:"E:\skynet-vs2013\build\vs2013\3rd\posix.def" /MANIFEST /MANIFESTUAC:"level='asInvoker' uiAccess='false'" /manifest:embed /DEBUG /PDB:"E:\skynet-vs2013\build\vs2013\..\..\posix.pdb" /SUBSYSTEM:WINDOWS /TLBID:1 /DYNAMICBASE /NXCOMPAT /IMPLIB:"E:\skynet-vs2013\build\vs2013\..\..\posix.lib" /MACHINE:X86 /DLL ..\output\posix\Debug\atomic_lock.obj
         ..\output\posix\Debug\cpoll.obj
         ..\output\posix\Debug\dlfcn.obj
         ..\output\posix\Debug\unistd.obj
            正在创建库 E:\skynet-vs2013\build\vs2013\..\..\posix.lib 和对象 E:\skynet-vs2013\build\vs2013\..\..\posix.exp
         posix.vcxproj -> E:\skynet-vs2013\build\vs2013\..\..\posix.dll
     1>已完成生成项目“E:\skynet-vs2013\build\vs2013\3rd\posix.vcxproj”(Build 个目标)的操作。

生成成功。

已用时间 00:00:05.45
