生成启动时间为 2018/4/18 15:01:41。
     1>项目“E:\skynet-vs2013\build\vs2013\skynet.vcxproj”在节点 2 上(Build 个目标)。
     1>ClCompile:
         C:\Program Files (x86)\Microsoft Visual Studio 12.0\VC\bin\CL.exe /c /I.\posix /I..\..\3rd\lua /I"..\..\skynet-src" /ZI /nologo /W3 /WX- /sdl /Od /Oy- /D WIN32 /D NOUSE_JEMALLOC /D LUA_BUILD_AS_DLL /D _DEBUG /D _CONSOLE /D _LIB /D _UNICODE /D UNICODE /Gm /EHsc /RTC1 /MDd /GS /fp:precise /Zc:wchar_t /Zc:forScope /Fo"output\main\Debug\\" /Fd"output\main\Debug\vc120.pdb" /Gd /TC /wd4244 /wd4018 /wd4996 /analyze- /errorReport:prompt "..\..\skynet-src\malloc_hook.c" "..\..\skynet-src\skynet_daemon.c" "..\..\skynet-src\skynet_env.c" "..\..\skynet-src\skynet_error.c" "..\..\skynet-src\skynet_handle.c" "..\..\skynet-src\skynet_harbor.c" "..\..\skynet-src\skynet_log.c" "..\..\skynet-src\skynet_main.c" "..\..\skynet-src\skynet_module.c" "..\..\skynet-src\skynet_monitor.c" "..\..\skynet-src\skynet_mq.c" "..\..\skynet-src\skynet_server.c" "..\..\skynet-src\skynet_socket.c" "..\..\skynet-src\skynet_start.c" "..\..\skynet-src\skynet_timer.c" "..\..\skynet-src\socket_server.c"
         socket_server.c
     1>e:\skynet-vs2013\skynet-src\spinlock.h(24): warning C4013: “__sync_lock_test_and_set”未定义；假设外部返回 int
     1>e:\skynet-vs2013\skynet-src\spinlock.h(34): warning C4013: “__sync_lock_release”未定义；假设外部返回 int
     1>e:\skynet-vs2013\skynet-src\socket_server.c(296): warning C4013: “__sync_add_and_fetch”未定义；假设外部返回 int
     1>e:\skynet-vs2013\skynet-src\socket_server.c(298): warning C4013: “__sync_and_and_fetch”未定义；假设外部返回 int
     1>e:\skynet-vs2013\skynet-src\socket_server.c(302): warning C4013: “__sync_bool_compare_and_swap”未定义；假设外部返回 int
     1>e:\skynet-vs2013\skynet-src\socket_server.c(977): warning C4133: “函数”: 从“int *”到“const char *”的类型不兼容
     1>e:\skynet-vs2013\skynet-src\socket_server.c(1051): warning C4013: “__sync_sub_and_fetch”未定义；假设外部返回 int
     1>e:\skynet-vs2013\skynet-src\socket_server.c(1217): warning C4133: “函数”: 从“int *”到“char *”的类型不兼容
     1>e:\skynet-vs2013\skynet-src\socket_server.c(1398): warning C4133: “函数”: 从“int *”到“char *”的类型不兼容
         skynet_timer.c
     1>e:\skynet-vs2013\skynet-src\spinlock.h(24): warning C4013: “__sync_lock_test_and_set”未定义；假设外部返回 int
     1>e:\skynet-vs2013\skynet-src\spinlock.h(34): warning C4013: “__sync_lock_release”未定义；假设外部返回 int
         skynet_start.c
     1>e:\skynet-vs2013\skynet-src\skynet_start.c(270): warning C4047: “函数”:“int”与“void *”的间接级别不同
     1>e:\skynet-vs2013\skynet-src\skynet_start.c(270): warning C4024: “sigaction”: 形参和实参 3 的类型不同
         skynet_socket.c
         skynet_server.c
     1>e:\skynet-vs2013\skynet-src\spinlock.h(24): warning C4013: “__sync_lock_test_and_set”未定义；假设外部返回 int
     1>e:\skynet-vs2013\skynet-src\spinlock.h(34): warning C4013: “__sync_lock_release”未定义；假设外部返回 int
     1>e:\skynet-vs2013\skynet-src\skynet_server.c(81): warning C4013: “__sync_add_and_fetch”未定义；假设外部返回 int
     1>e:\skynet-vs2013\skynet-src\skynet_server.c(86): warning C4013: “__sync_sub_and_fetch”未定义；假设外部返回 int
     1>e:\skynet-vs2013\skynet-src\skynet_server.c(612): warning C4013: “__sync_bool_compare_and_swap”未定义；假设外部返回 int
         skynet_mq.c
     1>e:\skynet-vs2013\skynet-src\spinlock.h(24): warning C4013: “__sync_lock_test_and_set”未定义；假设外部返回 int
     1>e:\skynet-vs2013\skynet-src\spinlock.h(34): warning C4013: “__sync_lock_release”未定义；假设外部返回 int
         skynet_monitor.c
     1>e:\skynet-vs2013\skynet-src\skynet_monitor.c(34): warning C4013: “__sync_add_and_fetch”未定义；假设外部返回 int
         skynet_module.c
     1>e:\skynet-vs2013\skynet-src\spinlock.h(24): warning C4013: “__sync_lock_test_and_set”未定义；假设外部返回 int
     1>e:\skynet-vs2013\skynet-src\spinlock.h(34): warning C4013: “__sync_lock_release”未定义；假设外部返回 int
         skynet_main.c
         skynet_log.c
         skynet_harbor.c
         skynet_handle.c
     1>e:\skynet-vs2013\skynet-src\rwlock.h(23): warning C4013: “__sync_synchronize”未定义；假设外部返回 int
     1>e:\skynet-vs2013\skynet-src\rwlock.h(25): warning C4013: “__sync_add_and_fetch”未定义；假设外部返回 int
     1>e:\skynet-vs2013\skynet-src\rwlock.h(27): warning C4013: “__sync_sub_and_fetch”未定义；假设外部返回 int
     1>e:\skynet-vs2013\skynet-src\rwlock.h(36): warning C4013: “__sync_lock_test_and_set”未定义；假设外部返回 int
     1>e:\skynet-vs2013\skynet-src\rwlock.h(44): warning C4013: “__sync_lock_release”未定义；假设外部返回 int
         skynet_error.c
         skynet_env.c
     1>e:\skynet-vs2013\skynet-src\spinlock.h(24): warning C4013: “__sync_lock_test_and_set”未定义；假设外部返回 int
     1>e:\skynet-vs2013\skynet-src\spinlock.h(34): warning C4013: “__sync_lock_release”未定义；假设外部返回 int
         skynet_daemon.c
     1>e:\skynet-vs2013\skynet-src\skynet_daemon.c(35): warning C4013: “open”未定义；假设外部返回 int
     1>e:\skynet-vs2013\skynet-src\skynet_daemon.c(75): warning C4013: “dup2”未定义；假设外部返回 int
         malloc_hook.c
         正在生成代码...
       Link:
         C:\Program Files (x86)\Microsoft Visual Studio 12.0\VC\bin\link.exe /ERRORREPORT:PROMPT /OUT:"E:\skynet-vs2013\build\vs2013\..\..\skynet.exe" /INCREMENTAL /NOLOGO /LIBPATH:"E:\skynet-vs2013\build\vs2013\\" /LIBPATH:"E:\skynet-vs2013\build\vs2013\..\..\\" ws2_32.lib pthreadVCE2.lib kernel32.lib user32.lib gdi32.lib winspool.lib comdlg32.lib advapi32.lib shell32.lib ole32.lib oleaut32.lib uuid.lib odbc32.lib odbccp32.lib /DEF:"skynet.def" /MANIFEST /MANIFESTUAC:"level='asInvoker' uiAccess='false'" /manifest:embed /DEBUG /PDB:"E:\skynet-vs2013\build\vs2013\..\..\skynet.pdb" /SUBSYSTEM:CONSOLE /TLBID:1 /DYNAMICBASE /NXCOMPAT /IMPLIB:"E:\skynet-vs2013\build\vs2013\..\..\skynet.lib" /MACHINE:X86 output\main\Debug\malloc_hook.obj
         output\main\Debug\skynet_daemon.obj
         output\main\Debug\skynet_env.obj
         output\main\Debug\skynet_error.obj
         output\main\Debug\skynet_handle.obj
         output\main\Debug\skynet_harbor.obj
         output\main\Debug\skynet_log.obj
         output\main\Debug\skynet_main.obj
         output\main\Debug\skynet_module.obj
         output\main\Debug\skynet_monitor.obj
         output\main\Debug\skynet_mq.obj
         output\main\Debug\skynet_server.obj
         output\main\Debug\skynet_socket.obj
         output\main\Debug\skynet_start.obj
         output\main\Debug\skynet_timer.obj
         output\main\Debug\socket_server.obj
         "E:\skynet-vs2013\lua53.lib"
         "E:\skynet-vs2013\posix.lib"
            正在创建库 E:\skynet-vs2013\build\vs2013\..\..\skynet.lib 和对象 E:\skynet-vs2013\build\vs2013\..\..\skynet.exp
         skynet.vcxproj -> E:\skynet-vs2013\build\vs2013\..\..\skynet.exe
     1>已完成生成项目“E:\skynet-vs2013\build\vs2013\skynet.vcxproj”(Build 个目标)的操作。

生成成功。

已用时间 00:00:05.33
