生成启动时间为 2018/4/18 15:01:46。
     1>项目“E:\skynet-vs2013\build\vs2013\lualib\clientsocket.vcxproj”在节点 4 上(Build 个目标)。
     1>ClCompile:
         C:\Program Files (x86)\Microsoft Visual Studio 12.0\VC\bin\CL.exe /c /I..\..\..\3rd\lua /I"..\..\..\skynet-src" /I..\posix /ZI /nologo /W3 /WX- /Od /Oy- /D WIN32 /D LUA_BUILD_AS_DLL /D _DEBUG /D _WINDOWS /D _USRDLL /D LUA53_EXPORTS /D _WINDLL /D _UNICODE /D UNICODE /Gm /EHsc /RTC1 /MDd /GS /fp:precise /Zc:wchar_t /Zc:forScope /Fo"..\output\clientsocket\Debug\\" /Fd"..\output\clientsocket\Debug\vc120.pdb" /Gd /TC /analyze- /errorReport:prompt "..\..\..\lualib-src\lua-clientsocket.c"
         lua-clientsocket.c
     1>e:\skynet-vs2013\lualib-src\lua-clientsocket.c(37): warning C4244: “初始化”: 从“lua_Integer”转换到“int”，可能丢失数据
     1>e:\skynet-vs2013\lualib-src\lua-clientsocket.c(41): warning C4996: 'inet_addr': Use inet_pton() or InetPton() instead or define _WINSOCK_DEPRECATED_NO_WARNINGS to disable deprecated API warnings
                 c:\program files (x86)\windows kits\8.1\include\um\winsock2.h(1850) : 参见“inet_addr”的声明
     1>e:\skynet-vs2013\lualib-src\lua-clientsocket.c(70): warning C4244: “初始化”: 从“lua_Integer”转换到“int”，可能丢失数据
     1>e:\skynet-vs2013\lualib-src\lua-clientsocket.c(83): warning C4996: 'strerror': This function or variable may be unsafe. Consider using strerror_s instead. To disable deprecation, use _CRT_SECURE_NO_WARNINGS. See online help for details.
                 c:\program files (x86)\microsoft visual studio 12.0\vc\include\string.h(168) : 参见“strerror”的声明
     1>e:\skynet-vs2013\lualib-src\lua-clientsocket.c(97): warning C4244: “初始化”: 从“lua_Integer”转换到“int”，可能丢失数据
     1>e:\skynet-vs2013\lualib-src\lua-clientsocket.c(122): warning C4244: “初始化”: 从“lua_Integer”转换到“int”，可能丢失数据
     1>e:\skynet-vs2013\lualib-src\lua-clientsocket.c(139): warning C4996: 'strerror': This function or variable may be unsafe. Consider using strerror_s instead. To disable deprecation, use _CRT_SECURE_NO_WARNINGS. See online help for details.
                 c:\program files (x86)\microsoft visual studio 12.0\vc\include\string.h(168) : 参见“strerror”的声明
     1>e:\skynet-vs2013\lualib-src\lua-clientsocket.c(147): warning C4244: “初始化”: 从“lua_Number”转换到“int”，可能丢失数据
       Link:
         C:\Program Files (x86)\Microsoft Visual Studio 12.0\VC\bin\link.exe /ERRORREPORT:PROMPT /OUT:"E:\skynet-vs2013\build\vs2013\..\..\luaclib\clientsocket.so" /INCREMENTAL /NOLOGO /LIBPATH:"E:\skynet-vs2013\build\vs2013\\" /LIBPATH:"E:\skynet-vs2013\build\vs2013\..\..\\" ws2_32.lib pthreadVCE2.lib kernel32.lib user32.lib gdi32.lib winspool.lib comdlg32.lib advapi32.lib shell32.lib ole32.lib oleaut32.lib uuid.lib odbc32.lib odbccp32.lib /DEF:"E:\skynet-vs2013\build\vs2013\lualib\clientsocket.def" /MANIFEST /MANIFESTUAC:"level='asInvoker' uiAccess='false'" /manifest:embed /DEBUG /PDB:"E:\skynet-vs2013\build\vs2013\..\..\luaclib\clientsocket.pdb" /SUBSYSTEM:WINDOWS /TLBID:1 /DYNAMICBASE /NXCOMPAT /IMPLIB:"E:\skynet-vs2013\build\vs2013\..\..\luaclib\clientsocket.lib" /MACHINE:X86 /DLL "..\output\clientsocket\Debug\lua-clientsocket.obj"
         "E:\skynet-vs2013\lua53.lib"
         "E:\skynet-vs2013\posix.lib"
            正在创建库 E:\skynet-vs2013\build\vs2013\..\..\luaclib\clientsocket.lib 和对象 E:\skynet-vs2013\build\vs2013\..\..\luaclib\clientsocket.exp
         clientsocket.vcxproj -> E:\skynet-vs2013\build\vs2013\..\..\luaclib\clientsocket.so
     1>已完成生成项目“E:\skynet-vs2013\build\vs2013\lualib\clientsocket.vcxproj”(Build 个目标)的操作。

生成成功。

已用时间 00:00:02.72
